<?xml version="1.0" encoding="UTF-8"?>
<!-- Generated by org.testng.reporters.JUnitXMLReporter -->
<testsuite ignored="2" hostname="DESKTOP-QP4T5OH" failures="1" tests="5" name="Test" time="45.502" errors="0" timestamp="2024-12-21T13:16:20 IST">
  <testcase classname="com.Fieldy.TestRunner.FieldyRun" name="printTitle" time="0.021"/>
  <testcase classname="com.Fieldy.TestRunner.FieldyRun" name="printCurrentURL" time="0.01"/>
  <testcase classname="com.Fieldy.TestRunner.FieldyRun" name="validateLogin" time="14.033"/>
  <testcase classname="com.Fieldy.TestRunner.FieldyRun" name="attendanceClockIn" time="20.468">
    <failure type="org.openqa.selenium.TimeoutException" message="Expected condition failed: waiting for visibility of element located by By.xpath: //div[@id=&amp;apos;clock_in_button&amp;apos;] (tried for 20 second(s) with 500 milliseconds interval)
Build info: version: &amp;apos;4.21.0&amp;apos;, revision: &amp;apos;79ed462ef4&amp;apos;
System info: os.name: &amp;apos;Windows 10&amp;apos;, os.arch: &amp;apos;amd64&amp;apos;, os.version: &amp;apos;10.0&amp;apos;, java.version: &amp;apos;17.0.8.1&amp;apos;
Driver info: org.openqa.selenium.chrome.ChromeDriver
Capabilities {acceptInsecureCerts: false, browserName: chrome, browserVersion: 131.0.6778.205, chrome: {chromedriverVersion: 131.0.6778.204 (52183f9e99a..., userDataDir: C:\Users\ZAIGOP~1\AppData\L...}, fedcm:accounts: true, goog:chromeOptions: {debuggerAddress: localhost:64675}, networkConnectionEnabled: false, pageLoadStrategy: normal, platformName: windows, proxy: Proxy(), se:cdp: ws://localhost:64675/devtoo..., se:cdpVersion: 131.0.6778.205, setWindowRect: true, strictFileInteractability: false, timeouts: {implicit: 0, pageLoad: 300000, script: 30000}, unhandledPromptBehavior: dismiss and notify, webauthn:extension:credBlob: true, webauthn:extension:largeBlob: true, webauthn:extension:minPinLength: true, webauthn:extension:prf: true, webauthn:virtualAuthenticators: true}
Session ID: 4791a503df7e9a02690e31d70fc285a0">
      <![CDATA[org.openqa.selenium.TimeoutException: Expected condition failed: waiting for visibility of element located by By.xpath: //div[@id='clock_in_button'] (tried for 20 second(s) with 500 milliseconds interval)
Build info: version: '4.21.0', revision: '79ed462ef4'
System info: os.name: 'Windows 10', os.arch: 'amd64', os.version: '10.0', java.version: '17.0.8.1'
Driver info: org.openqa.selenium.chrome.ChromeDriver
Capabilities {acceptInsecureCerts: false, browserName: chrome, browserVersion: 131.0.6778.205, chrome: {chromedriverVersion: 131.0.6778.204 (52183f9e99a..., userDataDir: C:\Users\ZAIGOP~1\AppData\L...}, fedcm:accounts: true, goog:chromeOptions: {debuggerAddress: localhost:64675}, networkConnectionEnabled: false, pageLoadStrategy: normal, platformName: windows, proxy: Proxy(), se:cdp: ws://localhost:64675/devtoo..., se:cdpVersion: 131.0.6778.205, setWindowRect: true, strictFileInteractability: false, timeouts: {implicit: 0, pageLoad: 300000, script: 30000}, unhandledPromptBehavior: dismiss and notify, webauthn:extension:credBlob: true, webauthn:extension:largeBlob: true, webauthn:extension:minPinLength: true, webauthn:extension:prf: true, webauthn:virtualAuthenticators: true}
Session ID: 4791a503df7e9a02690e31d70fc285a0
at org.openqa.selenium.support.ui.WebDriverWait.timeoutException(WebDriverWait.java:84)
at org.openqa.selenium.support.ui.FluentWait.until(FluentWait.java:228)
at com.Fieldy.TestUtility.DriverUtils.webDriverWaitForVisibilityOfElementLocated(DriverUtils.java:48)
at com.Fieldy.PageObjects.DashBoardPage.getClockinOption(DashBoardPage.java:67)
at com.Fieldy.TestRunner.FieldyRun.attendanceClockIn(FieldyRun.java:93)
at java.base/java.util.ArrayList.forEach(ArrayList.java:1511)
... Removed 27 stack frames]]>
    </failure>
  </testcase> <!-- attendanceClockIn -->
  <testcase classname="com.Fieldy.TestRunner.FieldyRun" name="attendanceClockOut" time="1.54"/>
  <testcase classname="com.Fieldy.TestRunner.FieldyRun" name="createAMCForm" time="0.0">
    <ignored/>
  </testcase> <!-- createAMCForm -->
  <testcase classname="com.Fieldy.TestRunner.FieldyRun" name="editAMCForm" time="0.0">
    <ignored/>
  </testcase> <!-- editAMCForm -->
</testsuite> <!-- Test -->
